<?xml version="1.0" encoding="UTF-8"?>
<!-- Generated by org.testng.reporters.JUnitXMLReporter -->
<testsuite hostname="Pradhu-PC" name="Free CRM App Test Cases" tests="3" failures="0" timestamp="26 Jun 2019 11:59:55 GMT" time="96.481" errors="0">
  <testcase name="verifyContactsPageLabel" time="0.258" classname="com.crm.wa.testcases.ContactsPageTest"/>
  <testcase name="validateCreateNeContact" time="3.107" classname="com.crm.wa.testcases.ContactsPageTest"/>
  <testcase name="validateCreateNeContact" time="2.922" classname="com.crm.wa.testcases.ContactsPageTest"/>
</testsuite> <!-- Free CRM App Test Cases -->
