<?xml version="1.0" encoding="UTF-8" ?>
<testsuite tests="10" failures="2" name="TestSuite" time="39.582" errors="0" skipped="1">
  <properties>
[...]
</properties>
  <testcase classname="com.crm.wa.testcases.ContactsPageTest" name="verifyContactsPageLabel" time="2.149">
    <failure message="CRM expected [CRM] but found [Home Page Title not matched]" type="java.lang.AssertionError">java.lang.AssertionError: CRM expected [CRM] but found [Home Page Title not matched]
	at org.testng.Assert.fail(Assert.java:93)
	at org.testng.Assert.failNotEquals(Assert.java:512)
	at org.testng.Assert.assertEqualsImpl(Assert.java:134)
	at org.testng.Assert.assertEquals(Assert.java:115)
	at org.testng.Assert.assertEquals(Assert.java:189)
	at com.crm.wa.testcases.ContactsPageTest.verifyContactsPageLabel(ContactsPageTest.java:44)
</failure>
    <system-out>Configuring TestNG with: org.apache.maven.surefire.testng.conf.TestNG652Configurator@2437c6dc
Before navigating to: &apos;https://freecrm.com/&apos;
Navigated to:&apos;https://freecrm.com/&apos;
Trying to find Element By : By.xpath: //span[contains(text(),&apos;Log In&apos;)]
Found Element By : By.xpath: //span[contains(text(),&apos;Log In&apos;)]
Trying to click on: [[ChromeDriver: chrome on XP (5208df6e78e691ae5407cb3b5a29a40b)] -&gt; xpath: //span[contains(text(),&apos;Log In&apos;)]]
Clicked on: [[ChromeDriver: chrome on XP (5208df6e78e691ae5407cb3b5a29a40b)] -&gt; xpath: //span[contains(text(),&apos;Log In&apos;)]]
Trying to find Element By : By.name: email
Found Element By : By.name: email
Trying to find Element By : By.name: password
Found Element By : By.name: password
Trying to find Element By : By.xpath: .//*[@id=&apos;ui&apos;]/div/div/form/div/div[3]
Found Element By : By.xpath: .//*[@id=&apos;ui&apos;]/div/div/form/div/div[3]
Trying to click on: [[ChromeDriver: chrome on XP (5208df6e78e691ae5407cb3b5a29a40b)] -&gt; xpath: .//*[@id=&apos;ui&apos;]/div/div/form/div/div[3]]
Clicked on: [[ChromeDriver: chrome on XP (5208df6e78e691ae5407cb3b5a29a40b)] -&gt; xpath: .//*[@id=&apos;ui&apos;]/div/div/form/div/div[3]]
Trying to find Element By : By.xpath: //span[contains(text(),&apos;Contacts&apos;)]
Found Element By : By.xpath: //span[contains(text(),&apos;Contacts&apos;)]
Trying to click on: [[ChromeDriver: chrome on XP (5208df6e78e691ae5407cb3b5a29a40b)] -&gt; xpath: //span[contains(text(),&apos;Contacts&apos;)]]
Clicked on: [[ChromeDriver: chrome on XP (5208df6e78e691ae5407cb3b5a29a40b)] -&gt; xpath: //span[contains(text(),&apos;Contacts&apos;)]]
</system-out>
    <system-err>Starting ChromeDriver 2.46.628402 (536cd7adbad73a3783fdc2cab92ab2ba7ec361e1) on port 2533
Only local connections are allowed.
Please protect ports used by ChromeDriver and related test frameworks to prevent access by malicious code.
Jun 26, 2019 7:11:08 PM org.openqa.selenium.remote.ProtocolHandshake createSession
INFO: Detected dialect: OSS
</system-err>
  </testcase>
  <testcase classname="com.crm.wa.testcases.HomePageTest" name="verifyHomePageTitleTest" time="0.02">
    <failure message="CRM expected [CRM] but found [Home Page Title not matched]" type="java.lang.AssertionError">java.lang.AssertionError: CRM expected [CRM] but found [Home Page Title not matched]
	at org.testng.Assert.fail(Assert.java:93)
	at org.testng.Assert.failNotEquals(Assert.java:512)
	at org.testng.Assert.assertEqualsImpl(Assert.java:134)
	at org.testng.Assert.assertEquals(Assert.java:115)
	at org.testng.Assert.assertEquals(Assert.java:189)
	at com.crm.wa.testcases.HomePageTest.verifyHomePageTitleTest(HomePageTest.java:40)
</failure>
    <system-out>Before navigating to: &apos;https://freecrm.com/&apos;
Navigated to:&apos;https://freecrm.com/&apos;
Trying to find Element By : By.xpath: //span[contains(text(),&apos;Log In&apos;)]
Found Element By : By.xpath: //span[contains(text(),&apos;Log In&apos;)]
Trying to click on: [[ChromeDriver: chrome on XP (f684e22a27c00a3496d802ecdf976ffa)] -&gt; xpath: //span[contains(text(),&apos;Log In&apos;)]]
Clicked on: [[ChromeDriver: chrome on XP (f684e22a27c00a3496d802ecdf976ffa)] -&gt; xpath: //span[contains(text(),&apos;Log In&apos;)]]
Trying to find Element By : By.name: email
Found Element By : By.name: email
Trying to find Element By : By.name: password
Found Element By : By.name: password
Trying to find Element By : By.xpath: .//*[@id=&apos;ui&apos;]/div/div/form/div/div[3]
Found Element By : By.xpath: .//*[@id=&apos;ui&apos;]/div/div/form/div/div[3]
Trying to click on: [[ChromeDriver: chrome on XP (f684e22a27c00a3496d802ecdf976ffa)] -&gt; xpath: .//*[@id=&apos;ui&apos;]/div/div/form/div/div[3]]
Clicked on: [[ChromeDriver: chrome on XP (f684e22a27c00a3496d802ecdf976ffa)] -&gt; xpath: .//*[@id=&apos;ui&apos;]/div/div/form/div/div[3]]
</system-out>
    <system-err>Starting ChromeDriver 2.46.628402 (536cd7adbad73a3783fdc2cab92ab2ba7ec361e1) on port 20436
Only local connections are allowed.
Please protect ports used by ChromeDriver and related test frameworks to prevent access by malicious code.
Jun 26, 2019 7:11:53 PM org.openqa.selenium.remote.ProtocolHandshake createSession
INFO: Detected dialect: OSS
</system-err>
  </testcase>
  <testcase classname="com.crm.wa.testcases.LoginPageTest" name="loginPgeTtleTest" time="0.732"/>
  <testcase classname="com.crm.wa.testcases.HomePageTest" name="verifyUserNameTest" time="3.219"/>
  <testcase classname="com.crm.wa.testcases.LoginPageTest" name="crmLogoImageTest" time="0.66"/>
  <testcase classname="com.crm.wa.testcases.ContactsPageTest" name="validateCreateNeContact" time="2.953">
    <skipped/>
    <system-err>[Utils] [ERROR] [Error] java.lang.NoSuchMethodError: org.apache.poi.util.POILogger.log(ILjava/lang/Object;)V
	at org.apache.poi.openxml4j.opc.PackageRelationshipCollection.parseRelationshipsPart(PackageRelationshipCollection.java:304)
	at org.apache.poi.openxml4j.opc.PackageRelationshipCollection.&amp;lt;init&amp;gt;(PackageRelationshipCollection.java:156)
	at org.apache.poi.openxml4j.opc.PackageRelationshipCollection.&amp;lt;init&amp;gt;(PackageRelationshipCollection.java:124)
	at org.apache.poi.openxml4j.opc.PackagePart.loadRelationships(PackagePart.java:559)
	at org.apache.poi.openxml4j.opc.PackagePart.&amp;lt;init&amp;gt;(PackagePart.java:112)
	at org.apache.poi.openxml4j.opc.PackagePart.&amp;lt;init&amp;gt;(PackagePart.java:83)
	at org.apache.poi.openxml4j.opc.PackagePart.&amp;lt;init&amp;gt;(PackagePart.java:128)
	at org.apache.poi.openxml4j.opc.ZipPackagePart.&amp;lt;init&amp;gt;(ZipPackagePart.java:78)
	at org.apache.poi.openxml4j.opc.ZipPackage.getPartsImpl(ZipPackage.java:218)
	at org.apache.poi.openxml4j.opc.OPCPackage.getParts(OPCPackage.java:662)
	at org.apache.poi.openxml4j.opc.OPCPackage.open(OPCPackage.java:269)
	at org.apache.poi.ss.usermodel.WorkbookFactory.create(WorkbookFactory.java:73)
	at com.crm.qa.util.TestUtil.getTestData(TestUtil.java:43)
	at com.crm.wa.testcases.ContactsPageTest.getCRMTestData(ContactsPageTest.java:55)
	at sun.reflect.NativeMethodAccessorImpl.invoke0(Native Method)
	at sun.reflect.NativeMethodAccessorImpl.invoke(NativeMethodAccessorImpl.java:62)
	at sun.reflect.DelegatingMethodAccessorImpl.invoke(DelegatingMethodAccessorImpl.java:43)
	at java.lang.reflect.Method.invoke(Method.java:498)
	at org.testng.internal.MethodInvocationHelper.invokeMethod(MethodInvocationHelper.java:108)
	at org.testng.internal.MethodInvocationHelper.invokeMethod(MethodInvocationHelper.java:55)
	at org.testng.internal.MethodInvocationHelper.invokeMethodNoCheckedException(MethodInvocationHelper.java:45)
	at org.testng.internal.MethodInvocationHelper.invokeDataProvider(MethodInvocationHelper.java:115)
	at org.testng.internal.Parameters.handleParameters(Parameters.java:509)
	at org.testng.internal.Invoker.handleParameters(Invoker.java:1308)
	at org.testng.internal.Invoker.createParameters(Invoker.java:1036)
	at org.testng.internal.Invoker.invokeTestMethods(Invoker.java:1126)
	at org.testng.internal.TestMethodWorker.invokeTestMethods(TestMethodWorker.java:126)
	at org.testng.internal.TestMethodWorker.run(TestMethodWorker.java:109)
	at org.testng.TestRunner.privateRun(TestRunner.java:744)
	at org.testng.TestRunner.run(TestRunner.java:602)
	at org.testng.SuiteRunner.runTest(SuiteRunner.java:380)
	at org.testng.SuiteRunner.runSequentially(SuiteRunner.java:375)
	at org.testng.SuiteRunner.privateRun(SuiteRunner.java:340)
	at org.testng.SuiteRunner.run(SuiteRunner.java:289)
	at org.testng.SuiteRunnerWorker.runSuite(SuiteRunnerWorker.java:52)
	at org.testng.SuiteRunnerWorker.run(SuiteRunnerWorker.java:86)
	at org.testng.TestNG.runSuitesSequentially(TestNG.java:1301)
	at org.testng.TestNG.runSuitesLocally(TestNG.java:1226)
	at org.testng.TestNG.runSuites(TestNG.java:1144)
	at org.testng.TestNG.run(TestNG.java:1115)
	at org.apache.maven.surefire.testng.TestNGExecutor.run(TestNGExecutor.java:77)
	at org.apache.maven.surefire.testng.TestNGDirectoryTestSuite.executeMulti(TestNGDirectoryTestSuite.java:159)
	at org.apache.maven.surefire.testng.TestNGDirectoryTestSuite.execute(TestNGDirectoryTestSuite.java:99)
	at org.apache.maven.surefire.testng.TestNGProvider.invoke(TestNGProvider.java:106)
	at sun.reflect.NativeMethodAccessorImpl.invoke0(Native Method)
	at sun.reflect.NativeMethodAccessorImpl.invoke(NativeMethodAccessorImpl.java:62)
	at sun.reflect.DelegatingMethodAccessorImpl.invoke(DelegatingMethodAccessorImpl.java:43)
	at java.lang.reflect.Method.invoke(Method.java:498)
	at org.apache.maven.surefire.util.ReflectionUtils.invokeMethodWithArray(ReflectionUtils.java:189)
	at org.apache.maven.surefire.booter.ProviderFactory$ProviderProxy.invoke(ProviderFactory.java:165)
	at org.apache.maven.surefire.booter.ProviderFactory.invokeProvider(ProviderFactory.java:85)
	at org.apache.maven.surefire.booter.ForkedBooter.runSuitesInProcess(ForkedBooter.java:115)
	at org.apache.maven.surefire.booter.ForkedBooter.main(ForkedBooter.java:75)

</system-err>
  </testcase>
  <testcase classname="com.crm.wa.testcases.HomePageTest" name="verifyContactsLinkTest" time="7.757"/>
  <testcase classname="com.crm.wa.testcases.LoginPageTest" name="loginTest" time="13.275"/>
  <testcase classname="com.crm.wa.testcases.HomePageTest" name="verifyDelasLinkTest" time="3.75"/>
  <testcase classname="com.crm.wa.testcases.HomePageTest" name="verifyTasksPageLinkTest" time="5.067"/>
</testsuite>